[2024-03-30 18:23:58.480] [info]  Hello, log
[2024-03-30 18:23:58.488] [warn]  Some problem
[2024-03-30 19:06:00.758] [info]  Version actual:  29.1.6
[2024-03-30 19:06:29.653] [info]  Version actual:  29.1.6
[2024-03-30 19:09:15.571] [info]  Version actual:  29.1.6
[2024-03-30 19:58:06.061] [info]  Version actual:  1.0.0
[2024-03-30 19:58:08.015] [info]  checking-for-update
[2024-03-30 19:58:11.275] [info]  Error en auto-updater. Error: No published versions on GitHub
[2024-03-30 19:59:52.536] [info]  Version actual:  1.0.0
[2024-03-30 19:59:52.665] [info]  checking-for-update
[2024-03-30 19:59:53.282] [info]  Error en auto-updater. Error: No published versions on GitHub
[2024-03-30 20:00:53.457] [info]  Version actual:  29.1.6
[2024-03-30 20:01:39.148] [info]  Version actual:  1.0.0
[2024-03-30 20:01:39.280] [info]  checking-for-update
[2024-03-30 20:01:39.813] [info]  Error en auto-updater. Error: No published versions on GitHub
[2024-03-30 20:02:35.028] [info]  Version actual:  1.0.0
[2024-03-30 20:02:35.471] [info]  checking-for-update
[2024-03-30 20:02:36.322] [info]  Error en auto-updater. Error: No published versions on GitHub
[2024-03-30 20:03:41.685] [info]  Version actual:  1.0.0
[2024-03-30 20:03:41.815] [info]  checking-for-update
[2024-03-30 20:03:42.375] [info]  Error en auto-updater. Error: No published versions on GitHub
[2024-03-30 20:03:53.261] [info]  Version actual:  1.0.0
[2024-03-30 20:03:53.390] [info]  checking-for-update
[2024-03-30 20:03:53.676] [info]  Error en auto-updater. Error: No published versions on GitHub
[2024-03-30 20:04:22.127] [info]  Version actual:  1.0.0
[2024-03-30 20:04:22.250] [info]  checking-for-update
[2024-03-30 20:04:22.782] [info]  Error en auto-updater. Error: No published versions on GitHub
[2024-03-30 20:04:42.483] [info]  Version actual:  1.0.0
[2024-03-30 20:04:42.622] [info]  checking-for-update
[2024-03-30 20:04:43.299] [info]  Error en auto-updater. Error: No published versions on GitHub
[2024-03-30 20:08:08.300] [info]  Version actual:  29.1.6
[2024-03-30 20:13:11.444] [info]  Version actual:  1.0.1
[2024-03-30 20:13:11.587] [info]  checking-for-update
[2024-03-30 20:13:12.279] [info]  Error en auto-updater. Error: No published versions on GitHub
